<?xml version="1.0" encoding="UTF-8"?>
<!-- Generated by org.testng.reporters.JUnitReportReporter -->
<testsuite skipped="0" hostname="DESKTOP-KBOOS7R" name="com.testCase.loginTestCase" tests="1" failures="0" timestamp="30 Sep 2021 01:09:55 GMT" time="4.928" errors="0">
  <testcase name="login" time="4.928" classname="com.testCase.loginTestCase"/>
</testsuite> <!-- com.testCase.loginTestCase -->
